<?xml version="1.0" encoding="UTF-8"?>
<testng-results skipped="0" failed="0" ignored="0" total="1" passed="1">
  <reporter-output>
  </reporter-output>
  <suite name="Default suite" duration-ms="23" started-at="2020-06-05T04:23:45Z" finished-at="2020-06-05T04:23:45Z">
    <groups>
    </groups>
    <test name="Default test" duration-ms="23" started-at="2020-06-05T04:23:45Z" finished-at="2020-06-05T04:23:45Z">
      <class name="com.guri.JenIntegration.AppTest">
        <test-method status="PASS" signature="firstTest()[pri:0, instance:com.guri.JenIntegration.AppTest@51efea79]" name="firstTest" duration-ms="6" started-at="2020-06-05T04:23:45Z" finished-at="2020-06-05T04:23:45Z">
          <reporter-output>
          </reporter-output>
        </test-method> <!-- firstTest -->
      </class> <!-- com.guri.JenIntegration.AppTest -->
    </test> <!-- Default test -->
  </suite> <!-- Default suite -->
</testng-results>
