<?xml version="1.0" encoding="UTF-8"?>
<testng-results skipped="0" failed="0" ignored="0" total="1" passed="1">
  <reporter-output>
  </reporter-output>
  <suite name="com.guri.JenIntegration.AppTest" duration-ms="20" started-at="2020-06-08T04:11:26Z" finished-at="2020-06-08T04:11:26Z">
    <groups>
    </groups>
    <test name="Command line test" duration-ms="20" started-at="2020-06-08T04:11:26Z" finished-at="2020-06-08T04:11:26Z">
      <class name="com.guri.JenIntegration.AppTest">
        <test-method status="PASS" signature="firstTest()[pri:0, instance:com.guri.JenIntegration.AppTest@56cbfb61]" name="firstTest" duration-ms="5" started-at="2020-06-08T04:11:26Z" finished-at="2020-06-08T04:11:26Z">
          <reporter-output>
          </reporter-output>
        </test-method> <!-- firstTest -->
      </class> <!-- com.guri.JenIntegration.AppTest -->
    </test> <!-- Command line test -->
  </suite> <!-- com.guri.JenIntegration.AppTest -->
</testng-results>
